1489753292.374456 client started (17484): socket /tmp/tmux-1000/default, protocol 8
1489753292.374531 on Linux 4.9.14-1-lts #1 SMP Sun Mar 12 13:45:41 CET 2017; libevent 2.0.22-stable (poll)
1489753292.374597 socket is /tmp/tmux-1000/default
1489753292.374615 trying connect
1489753292.374648 connect failed: Connection refused
1489753292.374671 lock file is /tmp/tmux-1000/default.lock
1489753292.374701 flock succeeded
1489753292.374708 got lock (6)
1489753292.374718 trying connect
1489753292.374731 connect failed: Connection refused
1489753292.375083 add peer 0x204cb50: 7 ((nil))
1489753292.375265 sending message 100 to peer 0x204cb50 (4 bytes)
1489753292.375288 sending message 101 to peer 0x204cb50 (14 bytes)
1489753292.375297 sending message 102 to peer 0x204cb50 (11 bytes)
1489753292.375305 sending message 108 to peer 0x204cb50 (19 bytes)
1489753292.375316 sending message 104 to peer 0x204cb50 (0 bytes)
1489753292.375325 sending message 107 to peer 0x204cb50 (4 bytes)
1489753292.375334 sending message 105 to peer 0x204cb50 (18 bytes)
1489753292.375341 sending message 105 to peer 0x204cb50 (11 bytes)
1489753292.375349 sending message 105 to peer 0x204cb50 (32 bytes)
1489753292.375358 sending message 105 to peer 0x204cb50 (183 bytes)
1489753292.375366 sending message 105 to peer 0x204cb50 (15 bytes)
1489753292.375374 sending message 105 to peer 0x204cb50 (31 bytes)
1489753292.375382 sending message 105 to peer 0x204cb50 (23 bytes)
1489753292.375389 sending message 105 to peer 0x204cb50 (15 bytes)
1489753292.375397 sending message 105 to peer 0x204cb50 (20 bytes)
1489753292.375405 sending message 105 to peer 0x204cb50 (23 bytes)
1489753292.375412 sending message 105 to peer 0x204cb50 (54 bytes)
1489753292.375419 sending message 105 to peer 0x204cb50 (18 bytes)
1489753292.375435 sending message 105 to peer 0x204cb50 (17 bytes)
1489753292.375442 sending message 105 to peer 0x204cb50 (52 bytes)
1489753292.375450 sending message 105 to peer 0x204cb50 (21 bytes)
1489753292.375457 sending message 105 to peer 0x204cb50 (25 bytes)
1489753292.375464 sending message 105 to peer 0x204cb50 (23 bytes)
1489753292.375471 sending message 105 to peer 0x204cb50 (17 bytes)
1489753292.375479 sending message 105 to peer 0x204cb50 (8 bytes)
1489753292.375487 sending message 105 to peer 0x204cb50 (11 bytes)
1489753292.375494 sending message 105 to peer 0x204cb50 (33 bytes)
1489753292.375535 sending message 105 to peer 0x204cb50 (23 bytes)
1489753292.375543 sending message 105 to peer 0x204cb50 (40 bytes)
1489753292.375551 sending message 105 to peer 0x204cb50 (17 bytes)
1489753292.375559 sending message 105 to peer 0x204cb50 (58 bytes)
1489753292.375566 sending message 105 to peer 0x204cb50 (9 bytes)
1489753292.375573 sending message 105 to peer 0x204cb50 (19 bytes)
1489753292.375581 sending message 105 to peer 0x204cb50 (12 bytes)
1489753292.375588 sending message 105 to peer 0x204cb50 (19 bytes)
1489753292.375595 sending message 105 to peer 0x204cb50 (25 bytes)
1489753292.375602 sending message 105 to peer 0x204cb50 (11 bytes)
1489753292.375610 sending message 105 to peer 0x204cb50 (8 bytes)
1489753292.375618 sending message 105 to peer 0x204cb50 (11 bytes)
1489753292.375625 sending message 105 to peer 0x204cb50 (32 bytes)
1489753292.375633 sending message 105 to peer 0x204cb50 (1468 bytes)
1489753292.375664 sending message 105 to peer 0x204cb50 (30 bytes)
1489753292.375674 sending message 105 to peer 0x204cb50 (73 bytes)
1489753292.375683 sending message 105 to peer 0x204cb50 (47 bytes)
1489753292.375690 sending message 105 to peer 0x204cb50 (19 bytes)
1489753292.375698 sending message 105 to peer 0x204cb50 (12 bytes)
1489753292.375706 sending message 105 to peer 0x204cb50 (27 bytes)
1489753292.375713 sending message 105 to peer 0x204cb50 (23 bytes)
1489753292.375724 sending message 105 to peer 0x204cb50 (16 bytes)
1489753292.375732 sending message 105 to peer 0x204cb50 (46 bytes)
1489753292.375741 sending message 105 to peer 0x204cb50 (42 bytes)
1489753292.375750 sending message 105 to peer 0x204cb50 (124 bytes)
1489753292.375758 sending message 105 to peer 0x204cb50 (48 bytes)
1489753292.375785 sending message 105 to peer 0x204cb50 (16 bytes)
1489753292.375793 sending message 105 to peer 0x204cb50 (16 bytes)
1489753292.375801 sending message 106 to peer 0x204cb50 (0 bytes)
1489753292.375810 sending message 200 to peer 0x204cb50 (4 bytes)
1489753292.375818 client loop enter
1489753292.548283 peer 0x204cb50 message 207
1489753292.548307 sending message 208 to peer 0x204cb50 (0 bytes)
1489753295.738576 peer 0x204cb50 message 203
1489753295.738608 sending message 205 to peer 0x204cb50 (0 bytes)
1489753295.739081 peer 0x204cb50 message 204
1489753295.739110 client loop exit
